<tileset name="floor_8">
    <firstgid value="8"/>
    <tilewidth value="16"/>
    <tileheight value="16"/>
    <numColumns value="1"/>
    <numRows value="1"/>
    <spacing value="0"/>
    <margin value="0"/>
    <source value="./assets/drawable/map/floor_8.png"/>
</tileset>

column_mid.png
column_top.png
coulmn_base.png
doors_all.png
doors_frame_left.png
doors_frame_righ.png
doors_frame_top.png
doors_leaf_closed.png
doors_leaf_open.png
edge.png
floor_1.png
floor_2.png
floor_3.png
floor_4.png
floor_5.png
floor_6.png
floor_7.png
floor_8.png
floor_exit.png
floor_ladder.png
floor_spike.png
floor_spikes_anim.png
hole.png
wall_banner_blue.png
wall_banner_green.png
wall_banner_red.png
wall_banner_yellow.png
wall_column_mid.png
wall_column_top.png
wall_corner_bottom_left.png
wall_corner_bottom_right.png
wall_corner_front_left.png
wall_corner_front_right.png
wall_corner_left.png
wall_corner_right.png
wall_corner_top_left.png
wall_corner_top_right.png
wall_coulmn_base.png
wall_fountain_basin_blue_anim.png
wall_fountain_basin_red_anim.png
wall_fountain_mid_blue_anim.png
wall_fountain_mid_red_anim.png
wall_fountain_top.png
wall_goo.png
wall_goo_base.png
wall_hole_1.png
wall_hole_2.png
wall_inner_corner_l_top_left.png
wall_inner_corner_l_top_rigth.png
wall_inner_corner_mid_left.png
wall_inner_corner_mid_rigth.png
wall_inner_corner_t_top_left.png
wall_inner_corner_t_top_rigth.png
wall_left.png
wall_mid.png
wall_right.png
wall_side_front_left.png
wall_side_front_right.png
wall_side_mid_left.png
wall_side_mid_right.png
wall_side_top_left.png
wall_side_top_right.png
wall_top_left.png
wall_top_mid.png
wall_top_right.png
